<?xml version="1.0" encoding="UTF-8"?>
<!-- Generated by org.testng.reporters.JUnitReportReporter -->
<testsuite ignored="3" hostname="Lux-PC" failures="0" tests="1" name="Test.TaskII" time="33.466" errors="0" timestamp="30 Jun 2022 05:54:01 GMT" skipped="0">
  <testcase classname="Test.TaskII" name="Test1" time="33.466"/>
  <testcase classname="Test.TaskII" name="Test2">
    <skipped/>
  </testcase> <!-- Test2 -->
  <testcase classname="Test.TaskII" name="Test3">
    <skipped/>
  </testcase> <!-- Test3 -->
  <testcase classname="Test.TaskII" name="Test4">
    <skipped/>
  </testcase> <!-- Test4 -->
</testsuite> <!-- Test.TaskII -->
