<?xml version="1.0" encoding="UTF-8"?>
<!-- Generated by org.testng.reporters.JUnitReportReporter -->
<testsuite ignored="2" hostname="Lux-PC" failures="0" tests="1" name="Test.TaskI" time="2.176" errors="0" timestamp="30 Jun 2022 05:52:37 GMT" skipped="0">
  <testcase classname="Test.TaskI" name="Test1" time="2.176"/>
  <testcase classname="Test.TaskI" name="Test2">
    <skipped/>
  </testcase> <!-- Test2 -->
  <testcase classname="Test.TaskI" name="Test3">
    <skipped/>
  </testcase> <!-- Test3 -->
</testsuite> <!-- Test.TaskI -->
